[01m[K/home/jetson/catkin_ws/src/optical_flow/src/main.cpp:14:37:[m[K [01;31m[Kerror: [m[Kâ€˜[01m[KImu[m[Kâ€™ in namespace â€˜[01m[Ksensor_msgs[m[Kâ€™ does not name a type
 void imuCallback(const sensor_msgs::[01;31m[KImu[m[K::ConstPtr& msg) {
                                     [01;31m[K^~~[m[K
[01m[K/home/jetson/catkin_ws/src/optical_flow/src/main.cpp:14:50:[m[K [01;31m[Kerror: [m[Kexpected unqualified-id before â€˜[01m[K&[m[Kâ€™ token
 void imuCallback(const sensor_msgs::Imu::ConstPtr[01;31m[K&[m[K msg) {
                                                  [01;31m[K^[m[K
[01m[K/home/jetson/catkin_ws/src/optical_flow/src/main.cpp:14:50:[m[K [01;31m[Kerror: [m[Kexpected â€˜[01m[K)[m[Kâ€™ before â€˜[01m[K&[m[Kâ€™ token
 void imuCallback[34m[K([m[Kconst sensor_msgs::Imu::ConstPtr[01;31m[K&[m[K msg) {
                 [34m[K~[m[K                                [01;31m[K^[m[K
                                                  [32m[K)[m[K
[01m[K/home/jetson/catkin_ws/src/optical_flow/src/main.cpp:14:52:[m[K [01;31m[Kerror: [m[Kexpected initializer before â€˜[01m[Kmsg[m[Kâ€™
 void imuCallback(const sensor_msgs::Imu::ConstPtr& [01;31m[Kmsg[m[K) {
                                                    [01;31m[K^~~[m[K
[01m[K/home/jetson/catkin_ws/src/optical_flow/src/main.cpp:[m[K In function â€˜[01m[Kint main(int, char**)[m[Kâ€™:
[01m[K/home/jetson/catkin_ws/src/optical_flow/src/main.cpp:25:64:[m[K [01;31m[Kerror: [m[Kâ€˜[01m[KimuCallback[m[Kâ€™ was not declared in this scope
  ros::Subscriber imu_sub = nh.subscribe("/mavros/imu/data", 1, [01;31m[KimuCallback[m[K);
                                                                [01;31m[K^~~~~~~~~~~[m[K
make[2]: *** [CMakeFiles/optical_flow_node.dir/build.make:63: CMakeFiles/optical_flow_node.dir/src/main.cpp.o] Error 1
make[1]: *** [CMakeFiles/Makefile2:180: CMakeFiles/optical_flow_node.dir/all] Error 2
make: *** [Makefile:141: all] Error 2
